<?xml version="1.0" encoding="UTF-8"?>
<testsuite name="com.kouzie.springboot.web.domain.posts.PostsRepositoryTest" tests="2" skipped="0" failures="0" errors="0" timestamp="2020-04-01T04:40:07" hostname="gojiyong-ui-MacBookPro.local" time="0.023">
  <properties/>
  <testcase name="test" classname="com.kouzie.springboot.web.domain.posts.PostsRepositoryTest" time="0.015"/>
  <testcase name="BaseTimeEntity_등록" classname="com.kouzie.springboot.web.domain.posts.PostsRepositoryTest" time="0.008"/>
  <system-out><![CDATA[2020-04-01 13:39:51.312  INFO 17189 --- [    Test worker] .b.t.c.SpringBootTestContextBootstrapper : Neither @ContextConfiguration nor @ContextHierarchy found for test class [com.kouzie.springboot.web.domain.posts.PostsRepositoryTest], using SpringBootContextLoader
2020-04-01 13:39:51.312  INFO 17189 --- [    Test worker] o.s.t.c.support.AbstractContextLoader    : Could not detect default resource locations for test class [com.kouzie.springboot.web.domain.posts.PostsRepositoryTest]: no resource found for suffixes {-context.xml, Context.groovy}.
2020-04-01 13:39:51.313  INFO 17189 --- [    Test worker] t.c.s.AnnotationConfigContextLoaderUtils : Could not detect default configuration classes for test class [com.kouzie.springboot.web.domain.posts.PostsRepositoryTest]: PostsRepositoryTest does not declare any static, non-private, non-final, nested classes annotated with @Configuration.
2020-04-01 13:39:51.318  INFO 17189 --- [    Test worker] .b.t.c.SpringBootTestContextBootstrapper : Found @SpringBootConfiguration com.kouzie.springboot.Application for test class com.kouzie.springboot.web.domain.posts.PostsRepositoryTest
2020-04-01 13:39:51.319  INFO 17189 --- [    Test worker] .b.t.c.SpringBootTestContextBootstrapper : Loaded default TestExecutionListener class names from location [META-INF/spring.factories]: [org.springframework.security.test.context.support.WithSecurityContextTestExecutionListener, org.springframework.security.test.context.support.ReactorContextTestExecutionListener, org.springframework.boot.test.autoconfigure.restdocs.RestDocsTestExecutionListener, org.springframework.boot.test.autoconfigure.web.client.MockRestServiceServerResetTestExecutionListener, org.springframework.boot.test.autoconfigure.web.servlet.MockMvcPrintOnlyOnFailureTestExecutionListener, org.springframework.boot.test.autoconfigure.web.servlet.WebDriverTestExecutionListener, org.springframework.boot.test.mock.mockito.MockitoTestExecutionListener, org.springframework.boot.test.mock.mockito.ResetMocksTestExecutionListener, org.springframework.test.context.web.ServletTestExecutionListener, org.springframework.test.context.support.DirtiesContextBeforeModesTestExecutionListener, org.springframework.test.context.support.DependencyInjectionTestExecutionListener, org.springframework.test.context.support.DirtiesContextTestExecutionListener, org.springframework.test.context.transaction.TransactionalTestExecutionListener, org.springframework.test.context.jdbc.SqlScriptsTestExecutionListener]
2020-04-01 13:39:51.320  INFO 17189 --- [    Test worker] .b.t.c.SpringBootTestContextBootstrapper : Using TestExecutionListeners: [org.springframework.test.context.web.ServletTestExecutionListener@3f32da70, org.springframework.test.context.support.DirtiesContextBeforeModesTestExecutionListener@3de890fb, org.springframework.boot.test.mock.mockito.MockitoTestExecutionListener@157c1b8c, org.springframework.boot.test.autoconfigure.SpringBootDependencyInjectionTestExecutionListener@53ce2ec3, org.springframework.test.context.support.DirtiesContextTestExecutionListener@7a868f90, org.springframework.test.context.transaction.TransactionalTestExecutionListener@310a773, org.springframework.test.context.jdbc.SqlScriptsTestExecutionListener@76456ce6, org.springframework.security.test.context.support.WithSecurityContextTestExecutionListener@545fecdb, org.springframework.security.test.context.support.ReactorContextTestExecutionListener@1aeb03cf, org.springframework.boot.test.autoconfigure.restdocs.RestDocsTestExecutionListener@1cc604de, org.springframework.boot.test.autoconfigure.web.client.MockRestServiceServerResetTestExecutionListener@41b969fc, org.springframework.boot.test.autoconfigure.web.servlet.MockMvcPrintOnlyOnFailureTestExecutionListener@6aab7c24, org.springframework.boot.test.autoconfigure.web.servlet.WebDriverTestExecutionListener@289cefc5, org.springframework.boot.test.mock.mockito.ResetMocksTestExecutionListener@4d0fefc]

  .   ____          _            __ _ _
 /\\ / ___'_ __ _ _(_)_ __  __ _ \ \ \ \
( ( )\___ | '_ | '_| | '_ \/ _` | \ \ \ \
 \\/  ___)| |_)| | | | | || (_| |  ) ) ) )
  '  |____| .__|_| |_|_| |_\__, | / / / /
 =========|_|==============|___/=/_/_/_/
 :: Spring Boot ::        (v2.1.7.RELEASE)

2020-04-01 13:40:06.345  INFO 17189 --- [    Test worker] c.k.s.w.d.posts.PostsRepositoryTest      : Starting PostsRepositoryTest on gojiyong-ui-MacBookPro.local with PID 17189 (started by gojiyong in /Users/gojiyong/Desktop/freelec-springboot2-webservice)
2020-04-01 13:40:06.346  INFO 17189 --- [    Test worker] c.k.s.w.d.posts.PostsRepositoryTest      : No active profile set, falling back to default profiles: default
2020-04-01 13:40:06.497  INFO 17189 --- [    Test worker] .s.d.r.c.RepositoryConfigurationDelegate : Bootstrapping Spring Data repositories in DEFAULT mode.
2020-04-01 13:40:06.508  INFO 17189 --- [    Test worker] .s.d.r.c.RepositoryConfigurationDelegate : Finished Spring Data repository scanning in 11ms. Found 2 repository interfaces.
2020-04-01 13:40:06.580  INFO 17189 --- [    Test worker] trationDelegate$BeanPostProcessorChecker : Bean 'org.springframework.transaction.annotation.ProxyTransactionManagementConfiguration' of type [org.springframework.transaction.annotation.ProxyTransactionManagementConfiguration$$EnhancerBySpringCGLIB$$f63bacba] is not eligible for getting processed by all BeanPostProcessors (for example: not eligible for auto-proxying)
2020-04-01 13:40:06.638  INFO 17189 --- [    Test worker] com.zaxxer.hikari.HikariDataSource       : HikariPool-2 - Starting...
2020-04-01 13:40:06.639  INFO 17189 --- [    Test worker] com.zaxxer.hikari.HikariDataSource       : HikariPool-2 - Start completed.
2020-04-01 13:40:06.654  INFO 17189 --- [    Test worker] o.hibernate.jpa.internal.util.LogHelper  : HHH000204: Processing PersistenceUnitInfo [
	name: default
	...]
2020-04-01 13:40:06.661  INFO 17189 --- [    Test worker] org.hibernate.dialect.Dialect            : HHH000400: Using dialect: org.hibernate.dialect.MySQL5InnoDBDialect
Hibernate: drop table if exists posts
Hibernate: drop table if exists user
Hibernate: create table posts (id bigint not null auto_increment, created_date datetime, modified_date datetime, author varchar(255), content TEXT not null, title varchar(500) not null, primary key (id)) engine=InnoDB
Hibernate: create table user (id bigint not null auto_increment, email varchar(255) not null, name varchar(255) not null, picture varchar(255), role varchar(255) not null, primary key (id)) engine=InnoDB
2020-04-01 13:40:06.698  INFO 17189 --- [    Test worker] o.h.t.schema.internal.SchemaCreatorImpl  : HHH000476: Executing import script 'org.hibernate.tool.schema.internal.exec.ScriptSourceInputNonExistentImpl@5ac9fb8e'
2020-04-01 13:40:06.698  INFO 17189 --- [    Test worker] j.LocalContainerEntityManagerFactoryBean : Initialized JPA EntityManagerFactory for persistence unit 'default'
2020-04-01 13:40:06.832  INFO 17189 --- [    Test worker] o.h.h.i.QueryTranslatorFactoryInitiator  : HHH000397: Using ASTQueryTranslatorFactory
2020-04-01 13:40:06.923  INFO 17189 --- [    Test worker] o.s.s.web.DefaultSecurityFilterChain     : Creating filter chain: any request, [org.springframework.security.web.context.request.async.WebAsyncManagerIntegrationFilter@33c60457, org.springframework.security.web.context.SecurityContextPersistenceFilter@6dc980dc, org.springframework.security.web.header.HeaderWriterFilter@1aadf07, org.springframework.security.web.authentication.logout.LogoutFilter@ab47b03, org.springframework.security.oauth2.client.web.OAuth2AuthorizationRequestRedirectFilter@27357da, org.springframework.security.oauth2.client.web.OAuth2LoginAuthenticationFilter@1d1c0d8b, org.springframework.security.web.authentication.ui.DefaultLoginPageGeneratingFilter@2bdad1c4, org.springframework.security.web.authentication.ui.DefaultLogoutPageGeneratingFilter@2f36b124, org.springframework.security.web.savedrequest.RequestCacheAwareFilter@3ddd706c, org.springframework.security.web.servletapi.SecurityContextHolderAwareRequestFilter@6a58d237, org.springframework.security.web.authentication.AnonymousAuthenticationFilter@3763fe9f, org.springframework.security.web.session.SessionManagementFilter@2e86575, org.springframework.security.web.access.ExceptionTranslationFilter@1d09a9a0, org.springframework.security.web.access.intercept.FilterSecurityInterceptor@b12efc4]
2020-04-01 13:40:07.104  INFO 17189 --- [    Test worker] o.s.s.concurrent.ThreadPoolTaskExecutor  : Initializing ExecutorService 'applicationTaskExecutor'
2020-04-01 13:40:07.112  WARN 17189 --- [    Test worker] aWebConfiguration$JpaWebMvcConfiguration : spring.jpa.open-in-view is enabled by default. Therefore, database queries may be performed during view rendering. Explicitly configure spring.jpa.open-in-view to disable this warning
2020-04-01 13:40:07.129  INFO 17189 --- [    Test worker] o.s.b.a.w.s.WelcomePageHandlerMapping    : Adding welcome page template: index
2020-04-01 13:40:07.377  INFO 17189 --- [    Test worker] s.a.ScheduledAnnotationBeanPostProcessor : No TaskScheduler/ScheduledExecutorService bean found for scheduled processing
2020-04-01 13:40:07.378  INFO 17189 --- [    Test worker] c.k.s.w.d.posts.PostsRepositoryTest      : Started PostsRepositoryTest in 16.056 seconds (JVM running for 53.029)
Hibernate: insert into posts (created_date, modified_date, author, content, title) values (?, ?, ?, ?, ?)
Hibernate: select posts0_.id as id1_0_, posts0_.created_date as created_2_0_, posts0_.modified_date as modified3_0_, posts0_.author as author4_0_, posts0_.content as content5_0_, posts0_.title as title6_0_ from posts posts0_
Hibernate: select posts0_.id as id1_0_, posts0_.created_date as created_2_0_, posts0_.modified_date as modified3_0_, posts0_.author as author4_0_, posts0_.content as content5_0_, posts0_.title as title6_0_ from posts posts0_
Hibernate: delete from posts where id=?
Hibernate: insert into posts (created_date, modified_date, author, content, title) values (?, ?, ?, ?, ?)
Hibernate: select posts0_.id as id1_0_, posts0_.created_date as created_2_0_, posts0_.modified_date as modified3_0_, posts0_.author as author4_0_, posts0_.content as content5_0_, posts0_.title as title6_0_ from posts posts0_
>>>>> creatDate:2020-04-01T13:40:07.398, modifiDate:2020-04-01T13:40:07.398
Hibernate: select posts0_.id as id1_0_, posts0_.created_date as created_2_0_, posts0_.modified_date as modified3_0_, posts0_.author as author4_0_, posts0_.content as content5_0_, posts0_.title as title6_0_ from posts posts0_
Hibernate: delete from posts where id=?
]]></system-out>
  <system-err><![CDATA[]]></system-err>
</testsuite>
